RegionalCompetition/TeamCode/build/intermediates/manifest_merge_blame_file/debug/manifest-merger-blame-debug-report.txt
1<?xml version="1.0" encoding="utf-8"?>
2<!--
3 Note: the actual manifest file used in your APK merges this file with contributions
4     from the modules on which your app depends (such as FtcRobotController, etc).
5     So it won't ultimately be as empty as it might here appear to be :-)
6-->
7<!-- The package name here determines the package for your R class and your BuildConfig class -->
8<manifest xmlns:android="http://schemas.android.com/apk/res/android"
9    package="com.qualcomm.ftcrobotcontroller"
10    android:versionCode="40"
11    android:versionName="6.2" >
12
13    <uses-sdk
14        android:minSdkVersion="24"
14-->src\main\AndroidManifest.xml
15        android:targetSdkVersion="28" />
15-->src\main\AndroidManifest.xml
16
17    <uses-permission android:name="android.permission.RECEIVE_BOOT_COMPLETED" />
17-->[:FtcRobotController] AndroidManifest.xml:12:5-81
17-->[:FtcRobotController] AndroidManifest.xml:12:22-78
18    <uses-permission
18-->[org.firstinspires.ftc:Blocks:6.2.1] AndroidManifest.xml:11:5-13:35
19        android:name="android.permission.WRITE_EXTERNAL_STORAGE"
19-->[org.firstinspires.ftc:Blocks:6.2.1] AndroidManifest.xml:12:9-65
20        android:required="true" />
20-->[org.firstinspires.ftc:Blocks:6.2.1] AndroidManifest.xml:13:9-32
21    <uses-permission
21-->[org.firstinspires.ftc:Blocks:6.2.1] AndroidManifest.xml:14:5-16:35
22        android:name="android.permission.READ_EXTERNAL_STORAGE"
22-->[org.firstinspires.ftc:Blocks:6.2.1] AndroidManifest.xml:15:9-64
23        android:required="true" />
23-->[org.firstinspires.ftc:Blocks:6.2.1] AndroidManifest.xml:16:9-32
24    <uses-permission
24-->[org.firstinspires.ftc:FtcCommon:6.2.1] AndroidManifest.xml:12:5-76
25        android:name="android.permission.ACCESS_WIFI_STATE"
25-->[org.firstinspires.ftc:FtcCommon:6.2.1] AndroidManifest.xml:12:22-73
26        android:required="true" />
26-->[org.firstinspires.ftc:RobotCore:6.2.1] AndroidManifest.xml:13:9-32
27    <uses-permission
27-->[org.firstinspires.ftc:FtcCommon:6.2.1] AndroidManifest.xml:19:5-21:35
28        android:name="android.permission.WRITE_SETTINGS"
28-->[org.firstinspires.ftc:FtcCommon:6.2.1] AndroidManifest.xml:20:9-57
29        android:required="true" />
29-->[org.firstinspires.ftc:FtcCommon:6.2.1] AndroidManifest.xml:21:9-32
30    <uses-permission android:name="android.permission.BLUETOOTH_ADMIN" />
30-->[org.firstinspires.ftc:Inspection:6.2.1] AndroidManifest.xml:12:5-74
30-->[org.firstinspires.ftc:Inspection:6.2.1] AndroidManifest.xml:12:22-71
31    <uses-permission
31-->[org.firstinspires.ftc:Inspection:6.2.1] AndroidManifest.xml:13:5-76
32        android:name="android.permission.CHANGE_WIFI_STATE"
32-->[org.firstinspires.ftc:Inspection:6.2.1] AndroidManifest.xml:13:22-73
33        android:required="true" />
33-->[org.firstinspires.ftc:RobotCore:6.2.1] AndroidManifest.xml:16:9-32
34    <uses-permission
34-->[org.firstinspires.ftc:Inspection:6.2.1] AndroidManifest.xml:14:5-79
35        android:name="android.permission.CHANGE_NETWORK_STATE"
35-->[org.firstinspires.ftc:Inspection:6.2.1] AndroidManifest.xml:14:22-76
36        android:required="true" />
36-->[org.firstinspires.ftc:RobotCore:6.2.1] AndroidManifest.xml:23:9-32
37    <uses-permission
37-->[org.firstinspires.ftc:Inspection:6.2.1] AndroidManifest.xml:15:5-67
38        android:name="android.permission.INTERNET"
38-->[org.firstinspires.ftc:Inspection:6.2.1] AndroidManifest.xml:15:22-64
39        android:required="true" />
39-->[org.firstinspires.ftc:RobotCore:6.2.1] AndroidManifest.xml:26:9-32
40    <uses-permission
40-->[org.firstinspires.ftc:Inspection:6.2.1] AndroidManifest.xml:16:5-79
41        android:name="android.permission.ACCESS_NETWORK_STATE"
41-->[org.firstinspires.ftc:Inspection:6.2.1] AndroidManifest.xml:16:22-76
42        android:required="true" />
42-->[org.firstinspires.ftc:RobotCore:6.2.1] AndroidManifest.xml:20:9-32
43    <uses-permission android:name="android.permission.BLUETOOTH" /> <!-- see AppUtil.setTimeZone() -->
43-->[org.firstinspires.ftc:Inspection:6.2.1] AndroidManifest.xml:17:5-68
43-->[org.firstinspires.ftc:Inspection:6.2.1] AndroidManifest.xml:17:22-65
44    <uses-permission
44-->[org.firstinspires.ftc:RobotCore:6.2.1] AndroidManifest.xml:43:5-45:35
45        android:name="android.permission.SET_TIME_ZONE"
45-->[org.firstinspires.ftc:RobotCore:6.2.1] AndroidManifest.xml:44:9-56
46        android:required="true" />
46-->[org.firstinspires.ftc:RobotCore:6.2.1] AndroidManifest.xml:45:9-32
47    <!--
48  Note: we suspect that this (android.permission.WAKE_LOCK) is no
49  longer needed, but haven't yet found the time necessary to verify
50  that assertion before removing it
51    -->
52    <uses-permission
52-->[org.firstinspires.ftc:RobotCore:6.2.1] AndroidManifest.xml:52:5-54:35
53        android:name="android.permission.WAKE_LOCK"
53-->[org.firstinspires.ftc:RobotCore:6.2.1] AndroidManifest.xml:53:9-52
54        android:required="true" />
54-->[org.firstinspires.ftc:RobotCore:6.2.1] AndroidManifest.xml:54:9-32
55    <uses-permission android:name="android.permission.CAMERA" />
55-->[org.firstinspires.ftc:RobotCore:6.2.1] AndroidManifest.xml:55:5-65
55-->[org.firstinspires.ftc:RobotCore:6.2.1] AndroidManifest.xml:55:22-62
56    <uses-permission
56-->[org.firstinspires.ftc:RobotCore:6.2.1] AndroidManifest.xml:56:5-58:35
57        android:name="android.permission.ACCESS_COARSE_LOCATION"
57-->[org.firstinspires.ftc:RobotCore:6.2.1] AndroidManifest.xml:57:9-65
58        android:required="true" />
58-->[org.firstinspires.ftc:RobotCore:6.2.1] AndroidManifest.xml:58:9-32
59    <uses-permission
59-->[org.firstinspires.ftc:RobotCore:6.2.1] AndroidManifest.xml:59:5-61:35
60        android:name="android.permission.ACCESS_FINE_LOCATION"
60-->[org.firstinspires.ftc:RobotCore:6.2.1] AndroidManifest.xml:60:9-63
61        android:required="true" />
61-->[org.firstinspires.ftc:RobotCore:6.2.1] AndroidManifest.xml:61:9-32
62    <uses-permission
62-->[org.firstinspires.ftc:RobotCore:6.2.1] AndroidManifest.xml:62:5-64:35
63        android:name="android.permission.READ_PHONE_STATE"
63-->[org.firstinspires.ftc:RobotCore:6.2.1] AndroidManifest.xml:63:9-59
64        android:required="true" />
64-->[org.firstinspires.ftc:RobotCore:6.2.1] AndroidManifest.xml:64:9-32
65    <uses-permission
65-->[org.firstinspires.ftc:RobotCore:6.2.1] AndroidManifest.xml:65:5-67:35
66        android:name="com.revrobotics.permission.UPDATE_CONTROL_HUB"
66-->[org.firstinspires.ftc:RobotCore:6.2.1] AndroidManifest.xml:66:9-69
67        android:required="true" />
67-->[org.firstinspires.ftc:RobotCore:6.2.1] AndroidManifest.xml:67:9-32
68
69    <uses-feature android:name="android.hardware.usb.accessory" />
69-->[org.firstinspires.ftc:RobotCore:6.2.1] AndroidManifest.xml:69:5-67
69-->[org.firstinspires.ftc:RobotCore:6.2.1] AndroidManifest.xml:69:19-64
70    <uses-feature android:glEsVersion="0x00020000" />
70-->[org.firstinspires.ftc:RobotCore:6.2.1] AndroidManifest.xml:70:5-54
70-->[org.firstinspires.ftc:RobotCore:6.2.1] AndroidManifest.xml:70:19-51
71    <!--
72        NOTE: Any application that requests the CAMERA permission but does not
73        declare any camera features with the <uses-feature> element will be
74        assumed to use all camera features (auto-focus and flash). Thus, the
75        application will not be compatible with devices that do not support
76        all camera features. We use <uses-feature> to declare only the
77        camera features that our application does need. For instance, if you
78        request the CAMERA permission, but you do not need auto-focus or
79        flash, then declare only the android.hardware.camera feature. The
80        other camera features that you do not request will no longer be
81        assumed as required.
82    -->
83    <uses-feature android:name="android.hardware.camera" />
83-->[org.firstinspires.ftc:RobotCore:6.2.1] AndroidManifest.xml:84:5-60
83-->[org.firstinspires.ftc:RobotCore:6.2.1] AndroidManifest.xml:84:19-57
84
85    <application
85-->src\main\AndroidManifest.xml:11:5-19
86        android:name="org.firstinspires.ftc.robotcore.internal.system.RobotApplication"
86-->[org.firstinspires.ftc:RobotCore:6.2.1] AndroidManifest.xml:86:18-97
87        android:allowBackup="true"
87-->[:FtcRobotController] AndroidManifest.xml:15:9-35
88        android:appComponentFactory="androidx.core.app.CoreComponentFactory"
88-->[androidx.core:core:1.3.2] AndroidManifest.xml:24:18-86
89        android:debuggable="true"
90        android:extractNativeLibs="true"
90-->[:FtcRobotController] AndroidManifest.xml:16:9-41
91        android:icon="@drawable/ic_launcher"
91-->[:FtcRobotController] AndroidManifest.xml:17:9-45
92        android:label="@string/app_name"
92-->[:FtcRobotController] AndroidManifest.xml:18:9-41
93        android:largeHeap="true"
93-->[:FtcRobotController] AndroidManifest.xml:19:9-33
94        android:testOnly="true"
95        android:theme="@style/AppThemeRedRC"
95-->[:FtcRobotController] AndroidManifest.xml:20:9-45
96        android:usesCleartextTraffic="true" > <!-- Indicates to the ControlHubUpdater what the latest version of the Control Hub is that this app supports -->
96-->[:FtcRobotController] AndroidManifest.xml:21:9-44
97        <meta-data
97-->[:FtcRobotController] AndroidManifest.xml:24:9-26:33
98            android:name="org.firstinspires.latestSupportedControlHubVersion"
98-->[:FtcRobotController] AndroidManifest.xml:25:13-78
99            android:value="1" /> <!-- The main robot controller activity -->
99-->[:FtcRobotController] AndroidManifest.xml:26:13-30
100        <activity
100-->[:FtcRobotController] AndroidManifest.xml:29:9-40:20
101            android:name="org.firstinspires.ftc.robotcontroller.internal.PermissionValidatorWrapper"
101-->[:FtcRobotController] AndroidManifest.xml:30:13-101
102            android:configChanges="orientation|screenSize"
102-->[:FtcRobotController] AndroidManifest.xml:31:13-59
103            android:label="@string/app_name"
103-->[:FtcRobotController] AndroidManifest.xml:32:13-45
104            android:launchMode="singleTask"
104-->[:FtcRobotController] AndroidManifest.xml:33:13-44
105            android:screenOrientation="fullUser" >
105-->[:FtcRobotController] AndroidManifest.xml:34:13-49
106            <intent-filter>
106-->[:FtcRobotController] AndroidManifest.xml:35:13-39:29
107                <category android:name="android.intent.category.LAUNCHER" />
107-->[:FtcRobotController] AndroidManifest.xml:36:17-77
107-->[:FtcRobotController] AndroidManifest.xml:36:27-74
108
109                <action android:name="android.intent.action.MAIN" />
109-->[:FtcRobotController] AndroidManifest.xml:38:17-69
109-->[:FtcRobotController] AndroidManifest.xml:38:25-66
110            </intent-filter>
111        </activity>
112        <activity
112-->[:FtcRobotController] AndroidManifest.xml:41:9-59:20
113            android:name="org.firstinspires.ftc.robotcontroller.internal.FtcRobotControllerActivity"
113-->[:FtcRobotController] AndroidManifest.xml:42:13-101
114            android:configChanges="orientation|screenSize"
114-->[:FtcRobotController] AndroidManifest.xml:43:13-59
115            android:label="@string/app_name"
115-->[:FtcRobotController] AndroidManifest.xml:44:13-45
116            android:launchMode="singleTask"
116-->[:FtcRobotController] AndroidManifest.xml:45:13-44
117            android:screenOrientation="fullUser" >
117-->[:FtcRobotController] AndroidManifest.xml:46:13-49
118            <intent-filter>
118-->[:FtcRobotController] AndroidManifest.xml:47:13-49:29
119                <action android:name="android.hardware.usb.action.USB_DEVICE_ATTACHED" />
119-->[:FtcRobotController] AndroidManifest.xml:48:17-90
119-->[:FtcRobotController] AndroidManifest.xml:48:25-87
120            </intent-filter>
121
122            <meta-data
122-->[:FtcRobotController] AndroidManifest.xml:51:13-53:57
123                android:name="android.hardware.usb.action.USB_DEVICE_ATTACHED"
123-->[:FtcRobotController] AndroidManifest.xml:52:17-79
124                android:resource="@xml/device_filter" />
124-->[:FtcRobotController] AndroidManifest.xml:53:17-54
125
126            <!-- org.firstinspires.main.entry indicates that this app is compatible with the Dragonboard Control Hub -->
127            <meta-data
127-->[:FtcRobotController] AndroidManifest.xml:56:13-58:40
128                android:name="org.firstinspires.main.entry"
128-->[:FtcRobotController] AndroidManifest.xml:57:17-60
129                android:value="true" />
129-->[:FtcRobotController] AndroidManifest.xml:58:17-37
130        </activity> <!-- The robot controller service in which most of the robot functionality is managed -->
131        <service
131-->[:FtcRobotController] AndroidManifest.xml:62:9-64:38
132            android:name="com.qualcomm.ftccommon.FtcRobotControllerService"
132-->[:FtcRobotController] AndroidManifest.xml:63:13-76
133            android:enabled="true" />
133-->[:FtcRobotController] AndroidManifest.xml:64:13-35
134
135        <activity
135-->[org.firstinspires.ftc:Blocks:6.2.1] AndroidManifest.xml:19:9-23:20
136            android:name="org.firstinspires.ftc.ftccommon.internal.ProgramAndManageActivity"
136-->[org.firstinspires.ftc:Blocks:6.2.1] AndroidManifest.xml:20:13-93
137            android:configChanges="orientation|screenSize"
137-->[org.firstinspires.ftc:Blocks:6.2.1] AndroidManifest.xml:21:13-59
138            android:label="@string/program_and_manage_activity" >
138-->[org.firstinspires.ftc:Blocks:6.2.1] AndroidManifest.xml:22:13-64
139        </activity>
140        <activity
140-->[org.firstinspires.ftc:FtcCommon:6.2.1] AndroidManifest.xml:26:9-30:20
141            android:name="com.qualcomm.ftccommon.FtcRobotControllerSettingsActivity"
141-->[org.firstinspires.ftc:FtcCommon:6.2.1] AndroidManifest.xml:27:13-85
142            android:exported="true"
142-->[org.firstinspires.ftc:FtcCommon:6.2.1] AndroidManifest.xml:28:13-36
143            android:label="@string/settings_activity" >
143-->[org.firstinspires.ftc:FtcCommon:6.2.1] AndroidManifest.xml:29:13-54
144        </activity>
145        <activity
145-->[org.firstinspires.ftc:FtcCommon:6.2.1] AndroidManifest.xml:31:9-36:20
146            android:name="com.qualcomm.ftccommon.configuration.FtcLoadFileActivity"
146-->[org.firstinspires.ftc:FtcCommon:6.2.1] AndroidManifest.xml:32:13-84
147            android:configChanges="orientation|screenSize"
147-->[org.firstinspires.ftc:FtcCommon:6.2.1] AndroidManifest.xml:33:13-59
148            android:exported="true"
148-->[org.firstinspires.ftc:FtcCommon:6.2.1] AndroidManifest.xml:34:13-36
149            android:label="@string/configure_activity" >
149-->[org.firstinspires.ftc:FtcCommon:6.2.1] AndroidManifest.xml:35:13-55
150        </activity>
151        <activity
151-->[org.firstinspires.ftc:FtcCommon:6.2.1] AndroidManifest.xml:37:9-42:20
152            android:name="com.qualcomm.ftccommon.configuration.ConfigureFromTemplateActivity"
152-->[org.firstinspires.ftc:FtcCommon:6.2.1] AndroidManifest.xml:38:13-94
153            android:configChanges="orientation|screenSize"
153-->[org.firstinspires.ftc:FtcCommon:6.2.1] AndroidManifest.xml:39:13-59
154            android:exported="true"
154-->[org.firstinspires.ftc:FtcCommon:6.2.1] AndroidManifest.xml:40:13-36
155            android:label="@string/title_activity_configfromtemplate" >
155-->[org.firstinspires.ftc:FtcCommon:6.2.1] AndroidManifest.xml:41:13-70
156        </activity>
157        <activity
157-->[org.firstinspires.ftc:FtcCommon:6.2.1] AndroidManifest.xml:43:9-48:20
158            android:name="com.qualcomm.ftccommon.ViewLogsActivity"
158-->[org.firstinspires.ftc:FtcCommon:6.2.1] AndroidManifest.xml:44:13-67
159            android:configChanges="orientation|screenSize"
159-->[org.firstinspires.ftc:FtcCommon:6.2.1] AndroidManifest.xml:45:13-59
160            android:exported="true"
160-->[org.firstinspires.ftc:FtcCommon:6.2.1] AndroidManifest.xml:46:13-36
161            android:label="@string/view_logs_activity" >
161-->[org.firstinspires.ftc:FtcCommon:6.2.1] AndroidManifest.xml:47:13-55
162        </activity>
163        <activity
163-->[org.firstinspires.ftc:FtcCommon:6.2.1] AndroidManifest.xml:49:9-53:20
164            android:name="com.qualcomm.ftccommon.configuration.FtcConfigurationActivity"
164-->[org.firstinspires.ftc:FtcCommon:6.2.1] AndroidManifest.xml:50:13-89
165            android:configChanges="orientation|screenSize"
165-->[org.firstinspires.ftc:FtcCommon:6.2.1] AndroidManifest.xml:51:13-59
166            android:label="@string/app_name" >
166-->[org.firstinspires.ftc:FtcCommon:6.2.1] AndroidManifest.xml:52:13-45
167        </activity>
168        <activity
168-->[org.firstinspires.ftc:FtcCommon:6.2.1] AndroidManifest.xml:54:9-58:20
169            android:name="com.qualcomm.ftccommon.configuration.FtcNewFileActivity"
169-->[org.firstinspires.ftc:FtcCommon:6.2.1] AndroidManifest.xml:55:13-83
170            android:configChanges="orientation|screenSize"
170-->[org.firstinspires.ftc:FtcCommon:6.2.1] AndroidManifest.xml:56:13-59
171            android:label="@string/app_name" >
171-->[org.firstinspires.ftc:FtcCommon:6.2.1] AndroidManifest.xml:57:13-45
172        </activity>
173        <activity
173-->[org.firstinspires.ftc:FtcCommon:6.2.1] AndroidManifest.xml:59:9-62:73
174            android:name="com.qualcomm.ftccommon.ConfigWifiDirectActivity"
174-->[org.firstinspires.ftc:FtcCommon:6.2.1] AndroidManifest.xml:60:13-75
175            android:exported="true"
175-->[org.firstinspires.ftc:FtcCommon:6.2.1] AndroidManifest.xml:61:13-36
176            android:label="@string/title_activity_config_wifi_direct" />
176-->[org.firstinspires.ftc:FtcCommon:6.2.1] AndroidManifest.xml:62:13-70
177        <activity
177-->[org.firstinspires.ftc:FtcCommon:6.2.1] AndroidManifest.xml:63:9-67:20
178            android:name="com.qualcomm.ftccommon.FtcAdvancedRCSettingsActivity"
178-->[org.firstinspires.ftc:FtcCommon:6.2.1] AndroidManifest.xml:64:13-80
179            android:exported="true"
179-->[org.firstinspires.ftc:FtcCommon:6.2.1] AndroidManifest.xml:65:13-36
180            android:label="@string/titleAdvancedRCSettings" >
180-->[org.firstinspires.ftc:FtcCommon:6.2.1] AndroidManifest.xml:66:13-60
181        </activity>
182        <activity
182-->[org.firstinspires.ftc:FtcCommon:6.2.1] AndroidManifest.xml:68:9-71:20
183            android:name="com.qualcomm.ftccommon.FtcLynxFirmwareUpdateActivity"
183-->[org.firstinspires.ftc:FtcCommon:6.2.1] AndroidManifest.xml:69:13-80
184            android:exported="true" >
184-->[org.firstinspires.ftc:FtcCommon:6.2.1] AndroidManifest.xml:70:13-36
185        </activity>
186        <activity
186-->[org.firstinspires.ftc:FtcCommon:6.2.1] AndroidManifest.xml:72:9-75:20
187            android:name="com.qualcomm.ftccommon.FtcLynxModuleAddressUpdateActivity"
187-->[org.firstinspires.ftc:FtcCommon:6.2.1] AndroidManifest.xml:73:13-85
188            android:exported="true" >
188-->[org.firstinspires.ftc:FtcCommon:6.2.1] AndroidManifest.xml:74:13-36
189        </activity>
190        <activity
190-->[org.firstinspires.ftc:FtcCommon:6.2.1] AndroidManifest.xml:76:9-80:20
191            android:name="com.qualcomm.ftccommon.FtcWifiDirectChannelSelectorActivity"
191-->[org.firstinspires.ftc:FtcCommon:6.2.1] AndroidManifest.xml:77:13-87
192            android:exported="true"
192-->[org.firstinspires.ftc:FtcCommon:6.2.1] AndroidManifest.xml:78:13-36
193            android:label="@string/title_activity_wifi_channel_selector" >
193-->[org.firstinspires.ftc:FtcCommon:6.2.1] AndroidManifest.xml:79:13-73
194        </activity>
195        <activity
195-->[org.firstinspires.ftc:FtcCommon:6.2.1] AndroidManifest.xml:81:9-85:20
196            android:name="com.qualcomm.ftccommon.FtcWifiDirectRememberedGroupsActivity"
196-->[org.firstinspires.ftc:FtcCommon:6.2.1] AndroidManifest.xml:82:13-88
197            android:exported="true"
197-->[org.firstinspires.ftc:FtcCommon:6.2.1] AndroidManifest.xml:83:13-36
198            android:label="@string/title_activity_wifi_remembered_groups_editor" >
198-->[org.firstinspires.ftc:FtcCommon:6.2.1] AndroidManifest.xml:84:13-81
199        </activity>
200        <activity
200-->[org.firstinspires.ftc:FtcCommon:6.2.1] AndroidManifest.xml:86:9-89:20
201            android:name="com.qualcomm.ftccommon.AboutActivity"
201-->[org.firstinspires.ftc:FtcCommon:6.2.1] AndroidManifest.xml:87:13-64
202            android:label="@string/about_activity" >
202-->[org.firstinspires.ftc:FtcCommon:6.2.1] AndroidManifest.xml:88:13-51
203        </activity>
204        <activity
204-->[org.firstinspires.ftc:FtcCommon:6.2.1] AndroidManifest.xml:90:9-93:20
205            android:name="com.qualcomm.ftccommon.FtcAboutActivity"
205-->[org.firstinspires.ftc:FtcCommon:6.2.1] AndroidManifest.xml:91:13-67
206            android:label="@string/ftc_about_activity" >
206-->[org.firstinspires.ftc:FtcCommon:6.2.1] AndroidManifest.xml:92:13-55
207        </activity>
208        <activity
208-->[org.firstinspires.ftc:FtcCommon:6.2.1] AndroidManifest.xml:94:9-99:20
209            android:name="com.qualcomm.ftccommon.configuration.EditSwapUsbDevices"
209-->[org.firstinspires.ftc:FtcCommon:6.2.1] AndroidManifest.xml:95:13-83
210            android:configChanges="orientation|screenSize"
210-->[org.firstinspires.ftc:FtcCommon:6.2.1] AndroidManifest.xml:96:13-59
211            android:label="@string/edit_swap_devices_activity"
211-->[org.firstinspires.ftc:FtcCommon:6.2.1] AndroidManifest.xml:97:13-63
212            android:windowSoftInputMode="stateHidden" >
212-->[org.firstinspires.ftc:FtcCommon:6.2.1] AndroidManifest.xml:98:13-54
213        </activity>
214        <activity
214-->[org.firstinspires.ftc:FtcCommon:6.2.1] AndroidManifest.xml:100:9-105:20
215            android:name="com.qualcomm.ftccommon.configuration.EditMotorControllerActivity"
215-->[org.firstinspires.ftc:FtcCommon:6.2.1] AndroidManifest.xml:101:13-92
216            android:configChanges="orientation|screenSize"
216-->[org.firstinspires.ftc:FtcCommon:6.2.1] AndroidManifest.xml:102:13-59
217            android:label="@string/edit_motor_controller_activity"
217-->[org.firstinspires.ftc:FtcCommon:6.2.1] AndroidManifest.xml:103:13-67
218            android:windowSoftInputMode="stateHidden" >
218-->[org.firstinspires.ftc:FtcCommon:6.2.1] AndroidManifest.xml:104:13-54
219        </activity>
220        <activity
220-->[org.firstinspires.ftc:FtcCommon:6.2.1] AndroidManifest.xml:106:9-111:20
221            android:name="com.qualcomm.ftccommon.configuration.EditLegacyMotorControllerActivity"
221-->[org.firstinspires.ftc:FtcCommon:6.2.1] AndroidManifest.xml:107:13-98
222            android:configChanges="orientation|screenSize"
222-->[org.firstinspires.ftc:FtcCommon:6.2.1] AndroidManifest.xml:108:13-59
223            android:label="@string/edit_motor_controller_activity"
223-->[org.firstinspires.ftc:FtcCommon:6.2.1] AndroidManifest.xml:109:13-67
224            android:windowSoftInputMode="stateHidden" >
224-->[org.firstinspires.ftc:FtcCommon:6.2.1] AndroidManifest.xml:110:13-54
225        </activity>
226        <activity
226-->[org.firstinspires.ftc:FtcCommon:6.2.1] AndroidManifest.xml:112:9-117:20
227            android:name="com.qualcomm.ftccommon.configuration.EditMotorListActivity"
227-->[org.firstinspires.ftc:FtcCommon:6.2.1] AndroidManifest.xml:113:13-86
228            android:configChanges="orientation|screenSize"
228-->[org.firstinspires.ftc:FtcCommon:6.2.1] AndroidManifest.xml:114:13-59
229            android:label="@string/edit_motor_controller_activity"
229-->[org.firstinspires.ftc:FtcCommon:6.2.1] AndroidManifest.xml:115:13-67
230            android:windowSoftInputMode="stateHidden" >
230-->[org.firstinspires.ftc:FtcCommon:6.2.1] AndroidManifest.xml:116:13-54
231        </activity>
232        <activity
232-->[org.firstinspires.ftc:FtcCommon:6.2.1] AndroidManifest.xml:118:9-123:20
233            android:name="com.qualcomm.ftccommon.configuration.EditServoControllerActivity"
233-->[org.firstinspires.ftc:FtcCommon:6.2.1] AndroidManifest.xml:119:13-92
234            android:configChanges="orientation|screenSize"
234-->[org.firstinspires.ftc:FtcCommon:6.2.1] AndroidManifest.xml:120:13-59
235            android:label="@string/edit_servo_controller_activity"
235-->[org.firstinspires.ftc:FtcCommon:6.2.1] AndroidManifest.xml:121:13-67
236            android:windowSoftInputMode="stateHidden|adjustResize" >
236-->[org.firstinspires.ftc:FtcCommon:6.2.1] AndroidManifest.xml:122:13-67
237        </activity>
238        <activity
238-->[org.firstinspires.ftc:FtcCommon:6.2.1] AndroidManifest.xml:124:9-129:20
239            android:name="com.qualcomm.ftccommon.configuration.EditLegacyServoControllerActivity"
239-->[org.firstinspires.ftc:FtcCommon:6.2.1] AndroidManifest.xml:125:13-98
240            android:configChanges="orientation|screenSize"
240-->[org.firstinspires.ftc:FtcCommon:6.2.1] AndroidManifest.xml:126:13-59
241            android:label="@string/edit_servo_controller_activity"
241-->[org.firstinspires.ftc:FtcCommon:6.2.1] AndroidManifest.xml:127:13-67
242            android:windowSoftInputMode="stateHidden|adjustResize" >
242-->[org.firstinspires.ftc:FtcCommon:6.2.1] AndroidManifest.xml:128:13-67
243        </activity>
244        <activity
244-->[org.firstinspires.ftc:FtcCommon:6.2.1] AndroidManifest.xml:130:9-135:20
245            android:name="com.qualcomm.ftccommon.configuration.EditServoListActivity"
245-->[org.firstinspires.ftc:FtcCommon:6.2.1] AndroidManifest.xml:131:13-86
246            android:configChanges="orientation|screenSize"
246-->[org.firstinspires.ftc:FtcCommon:6.2.1] AndroidManifest.xml:132:13-59
247            android:label="@string/edit_servo_controller_activity"
247-->[org.firstinspires.ftc:FtcCommon:6.2.1] AndroidManifest.xml:133:13-67
248            android:windowSoftInputMode="stateHidden|adjustResize" >
248-->[org.firstinspires.ftc:FtcCommon:6.2.1] AndroidManifest.xml:134:13-67
249        </activity>
250        <activity
250-->[org.firstinspires.ftc:FtcCommon:6.2.1] AndroidManifest.xml:136:9-141:20
251            android:name="com.qualcomm.ftccommon.configuration.EditLegacyModuleControllerActivity"
251-->[org.firstinspires.ftc:FtcCommon:6.2.1] AndroidManifest.xml:137:13-99
252            android:configChanges="orientation|screenSize"
252-->[org.firstinspires.ftc:FtcCommon:6.2.1] AndroidManifest.xml:138:13-59
253            android:label="@string/edit_legacy_module_controller_activity"
253-->[org.firstinspires.ftc:FtcCommon:6.2.1] AndroidManifest.xml:139:13-75
254            android:windowSoftInputMode="stateHidden|adjustResize" >
254-->[org.firstinspires.ftc:FtcCommon:6.2.1] AndroidManifest.xml:140:13-67
255        </activity>
256        <activity
256-->[org.firstinspires.ftc:FtcCommon:6.2.1] AndroidManifest.xml:142:9-147:20
257            android:name="com.qualcomm.ftccommon.configuration.EditMatrixControllerActivity"
257-->[org.firstinspires.ftc:FtcCommon:6.2.1] AndroidManifest.xml:143:13-93
258            android:configChanges="orientation|screenSize"
258-->[org.firstinspires.ftc:FtcCommon:6.2.1] AndroidManifest.xml:144:13-59
259            android:label="@string/edit_matrix_controller_activity"
259-->[org.firstinspires.ftc:FtcCommon:6.2.1] AndroidManifest.xml:145:13-68
260            android:windowSoftInputMode="stateHidden|adjustResize" >
260-->[org.firstinspires.ftc:FtcCommon:6.2.1] AndroidManifest.xml:146:13-67
261        </activity>
262        <activity
262-->[org.firstinspires.ftc:FtcCommon:6.2.1] AndroidManifest.xml:148:9-153:20
263            android:name="com.qualcomm.ftccommon.configuration.EditDeviceInterfaceModuleActivity"
263-->[org.firstinspires.ftc:FtcCommon:6.2.1] AndroidManifest.xml:149:13-98
264            android:configChanges="orientation|screenSize"
264-->[org.firstinspires.ftc:FtcCommon:6.2.1] AndroidManifest.xml:150:13-59
265            android:label="@string/edit_core_device_interface_module_controller_activity"
265-->[org.firstinspires.ftc:FtcCommon:6.2.1] AndroidManifest.xml:151:13-90
266            android:windowSoftInputMode="stateHidden|adjustResize" >
266-->[org.firstinspires.ftc:FtcCommon:6.2.1] AndroidManifest.xml:152:13-67
267        </activity>
268        <activity
268-->[org.firstinspires.ftc:FtcCommon:6.2.1] AndroidManifest.xml:154:9-159:20
269            android:name="com.qualcomm.ftccommon.configuration.EditLynxModuleActivity"
269-->[org.firstinspires.ftc:FtcCommon:6.2.1] AndroidManifest.xml:155:13-87
270            android:configChanges="orientation|screenSize"
270-->[org.firstinspires.ftc:FtcCommon:6.2.1] AndroidManifest.xml:156:13-59
271            android:label="@string/edit_lynx_module_controller_activity"
271-->[org.firstinspires.ftc:FtcCommon:6.2.1] AndroidManifest.xml:157:13-73
272            android:windowSoftInputMode="stateHidden|adjustResize" >
272-->[org.firstinspires.ftc:FtcCommon:6.2.1] AndroidManifest.xml:158:13-67
273        </activity>
274        <activity
274-->[org.firstinspires.ftc:FtcCommon:6.2.1] AndroidManifest.xml:160:9-165:20
275            android:name="com.qualcomm.ftccommon.configuration.EditLynxUsbDeviceActivity"
275-->[org.firstinspires.ftc:FtcCommon:6.2.1] AndroidManifest.xml:161:13-90
276            android:configChanges="orientation|screenSize"
276-->[org.firstinspires.ftc:FtcCommon:6.2.1] AndroidManifest.xml:162:13-59
277            android:label="@string/edit_lynx_usb_device_activity"
277-->[org.firstinspires.ftc:FtcCommon:6.2.1] AndroidManifest.xml:163:13-66
278            android:windowSoftInputMode="stateHidden|adjustResize" >
278-->[org.firstinspires.ftc:FtcCommon:6.2.1] AndroidManifest.xml:164:13-67
279        </activity>
280        <activity
280-->[org.firstinspires.ftc:FtcCommon:6.2.1] AndroidManifest.xml:166:9-171:20
281            android:name="com.qualcomm.ftccommon.configuration.EditWebcamActivity"
281-->[org.firstinspires.ftc:FtcCommon:6.2.1] AndroidManifest.xml:167:13-83
282            android:configChanges="orientation|screenSize"